
**** Build of configuration Debug for project sdcard-spi ****

"C:\\ti\\ccs1230\\ccs\\utils\\bin\\gmake" -k all 
 
Building file: "../main.c"
Invoking: ARM Compiler
"C:/ti/ccs1230/ccs/tools/compiler/ti-cgt-arm_20.2.7.LTS/bin/armcl" -mv7M4 --code_state=16 --float_support=FPv4SPD16 --abi=eabi -me --include_path="C:/ti/ccs1230/ccs/tools/compiler/ti-cgt-arm_20.2.7.LTS/include" --include_path="/Users/javiermartinez/TivaWare" -g --gcc --define=ccs="ccs" --define=PART_TM4C123GH6PM --diag_warning=225 --diag_wrap=off --display_error_number --printf_support=minimal --preproc_with_compile --preproc_dependency="main.d_raw"  "../main.c"
 
>> Compilation failure
subdir_rules.mk:9: recipe for target 'main.obj' failed
"..\sdcard.h", line 19: fatal error #1965: cannot open source file "/Users/javiermartinez/TivaWare/inc/tm4c123gh6pm.h"
1 catastrophic error detected in the compilation of "../main.c".
Compilation terminated.
gmake: *** [main.obj] Error 1
Building file: "../sdcard.c"
Invoking: ARM Compiler
"C:/ti/ccs1230/ccs/tools/compiler/ti-cgt-arm_20.2.7.LTS/bin/armcl" -mv7M4 --code_state=16 --float_support=FPv4SPD16 --abi=eabi -me --include_path="C:/ti/ccs1230/ccs/tools/compiler/ti-cgt-arm_20.2.7.LTS/include" --include_path="/Users/javiermartinez/TivaWare" -g --gcc --define=ccs="ccs" --define=PART_TM4C123GH6PM --diag_warning=225 --diag_wrap=off --display_error_number --printf_support=minimal --preproc_with_compile --preproc_dependency="sdcard.d_raw"  "../sdcard.c"
 
>> Compilation failure
subdir_rules.mk:9: recipe for target 'sdcard.obj' failed
"..\sdcard.h", line 19: fatal error #1965: cannot open source file "/Users/javiermartinez/TivaWare/inc/tm4c123gh6pm.h"
1 catastrophic error detected in the compilation of "../sdcard.c".
Compilation terminated.
gmake: *** [sdcard.obj] Error 1
gmake: Target 'all' not remade because of errors.

**** Build Finished ****
