
**** Build of configuration Debug for project uart_echo ****

"C:\\ti\\ccs1230\\ccs\\utils\\bin\\gmake" -k -j 16 all -O 
 
Building file: "../fswrapper.c"
Invoking: ARM Compiler
"C:/ti/ccs1230/ccs/tools/compiler/ti-cgt-arm_20.2.7.LTS/bin/armcl" -mv7M4 --code_state=16 --float_support=FPv4SPD16 -me -O2 --include_path="C:/Users/dimit/workspace_v12/uart_echo" --include_path="C:/ti/TivaWare_C_Series-2.2.0.295" --include_path="C:/ti/ccs1230/ccs/tools/compiler/ti-cgt-arm_20.2.7.LTS/include" --define=ccs="ccs" --define=PART_TM4C123GH6PM --define=TARGET_IS_TM4C123_RB1 -g --gcc --diag_warning=225 --diag_wrap=off --display_error_number --gen_func_subsections=on --abi=eabi --ual --preproc_with_compile --preproc_dependency="fswrapper.d_raw"  "../fswrapper.c"
 
>> Compilation failure
subdir_rules.mk:9: recipe for target 'fswrapper.obj' failed
"../fswrapper.c", line 30: fatal error #1965: cannot open source file "httpserver_raw/fs.h"
1 catastrophic error detected in the compilation of "../fswrapper.c".
Compilation terminated.
gmake: *** [fswrapper.obj] Error 1
Building file: "../cmdline.c"
Invoking: ARM Compiler
"C:/ti/ccs1230/ccs/tools/compiler/ti-cgt-arm_20.2.7.LTS/bin/armcl" -mv7M4 --code_state=16 --float_support=FPv4SPD16 -me -O2 --include_path="C:/Users/dimit/workspace_v12/uart_echo" --include_path="C:/ti/TivaWare_C_Series-2.2.0.295" --include_path="C:/ti/ccs1230/ccs/tools/compiler/ti-cgt-arm_20.2.7.LTS/include" --define=ccs="ccs" --define=PART_TM4C123GH6PM --define=TARGET_IS_TM4C123_RB1 -g --gcc --diag_warning=225 --diag_wrap=off --display_error_number --gen_func_subsections=on --abi=eabi --ual --preproc_with_compile --preproc_dependency="cmdline.d_raw"  "../cmdline.c"
Finished building: "../cmdline.c"
 
Building file: "../locator.c"
Invoking: ARM Compiler
"C:/ti/ccs1230/ccs/tools/compiler/ti-cgt-arm_20.2.7.LTS/bin/armcl" -mv7M4 --code_state=16 --float_support=FPv4SPD16 -me -O2 --include_path="C:/Users/dimit/workspace_v12/uart_echo" --include_path="C:/ti/TivaWare_C_Series-2.2.0.295" --include_path="C:/ti/ccs1230/ccs/tools/compiler/ti-cgt-arm_20.2.7.LTS/include" --define=ccs="ccs" --define=PART_TM4C123GH6PM --define=TARGET_IS_TM4C123_RB1 -g --gcc --diag_warning=225 --diag_wrap=off --display_error_number --gen_func_subsections=on --abi=eabi --ual --preproc_with_compile --preproc_dependency="locator.d_raw"  "../locator.c"
 
>> Compilation failure
subdir_rules.mk:9: recipe for target 'locator.obj' failed
"C:/ti/TivaWare_C_Series-2.2.0.295/utils/lwiplib.h", line 44: fatal error #1965: cannot open source file "lwip/opt.h"
1 catastrophic error detected in the compilation of "../locator.c".
Compilation terminated.
gmake: *** [locator.obj] Error 1
Building file: "../cpu_usage.c"
Invoking: ARM Compiler
"C:/ti/ccs1230/ccs/tools/compiler/ti-cgt-arm_20.2.7.LTS/bin/armcl" -mv7M4 --code_state=16 --float_support=FPv4SPD16 -me -O2 --include_path="C:/Users/dimit/workspace_v12/uart_echo" --include_path="C:/ti/TivaWare_C_Series-2.2.0.295" --include_path="C:/ti/ccs1230/ccs/tools/compiler/ti-cgt-arm_20.2.7.LTS/include" --define=ccs="ccs" --define=PART_TM4C123GH6PM --define=TARGET_IS_TM4C123_RB1 -g --gcc --diag_warning=225 --diag_wrap=off --display_error_number --gen_func_subsections=on --abi=eabi --ual --preproc_with_compile --preproc_dependency="cpu_usage.d_raw"  "../cpu_usage.c"
Finished building: "../cpu_usage.c"
 
Building file: "../eeprom_pb.c"
Invoking: ARM Compiler
"C:/ti/ccs1230/ccs/tools/compiler/ti-cgt-arm_20.2.7.LTS/bin/armcl" -mv7M4 --code_state=16 --float_support=FPv4SPD16 -me -O2 --include_path="C:/Users/dimit/workspace_v12/uart_echo" --include_path="C:/ti/TivaWare_C_Series-2.2.0.295" --include_path="C:/ti/ccs1230/ccs/tools/compiler/ti-cgt-arm_20.2.7.LTS/include" --define=ccs="ccs" --define=PART_TM4C123GH6PM --define=TARGET_IS_TM4C123_RB1 -g --gcc --diag_warning=225 --diag_wrap=off --display_error_number --gen_func_subsections=on --abi=eabi --ual --preproc_with_compile --preproc_dependency="eeprom_pb.d_raw"  "../eeprom_pb.c"
Finished building: "../eeprom_pb.c"
 
Building file: "../lwiplib.c"
Invoking: ARM Compiler
"C:/ti/ccs1230/ccs/tools/compiler/ti-cgt-arm_20.2.7.LTS/bin/armcl" -mv7M4 --code_state=16 --float_support=FPv4SPD16 -me -O2 --include_path="C:/Users/dimit/workspace_v12/uart_echo" --include_path="C:/ti/TivaWare_C_Series-2.2.0.295" --include_path="C:/ti/ccs1230/ccs/tools/compiler/ti-cgt-arm_20.2.7.LTS/include" --define=ccs="ccs" --define=PART_TM4C123GH6PM --define=TARGET_IS_TM4C123_RB1 -g --gcc --diag_warning=225 --diag_wrap=off --display_error_number --gen_func_subsections=on --abi=eabi --ual --preproc_with_compile --preproc_dependency="lwiplib.d_raw"  "../lwiplib.c"
 
>> Compilation failure
subdir_rules.mk:9: recipe for target 'lwiplib.obj' failed
"C:/ti/TivaWare_C_Series-2.2.0.295/utils/lwiplib.h", line 44: fatal error #1965: cannot open source file "lwip/opt.h"
1 catastrophic error detected in the compilation of "../lwiplib.c".
Compilation terminated.
gmake: *** [lwiplib.obj] Error 1
Building file: "../flash_pb.c"
Invoking: ARM Compiler
"C:/ti/ccs1230/ccs/tools/compiler/ti-cgt-arm_20.2.7.LTS/bin/armcl" -mv7M4 --code_state=16 --float_support=FPv4SPD16 -me -O2 --include_path="C:/Users/dimit/workspace_v12/uart_echo" --include_path="C:/ti/TivaWare_C_Series-2.2.0.295" --include_path="C:/ti/ccs1230/ccs/tools/compiler/ti-cgt-arm_20.2.7.LTS/include" --define=ccs="ccs" --define=PART_TM4C123GH6PM --define=TARGET_IS_TM4C123_RB1 -g --gcc --diag_warning=225 --diag_wrap=off --display_error_number --gen_func_subsections=on --abi=eabi --ual --preproc_with_compile --preproc_dependency="flash_pb.d_raw"  "../flash_pb.c"
Finished building: "../flash_pb.c"
 
Building file: "../isqrt.c"
Invoking: ARM Compiler
"C:/ti/ccs1230/ccs/tools/compiler/ti-cgt-arm_20.2.7.LTS/bin/armcl" -mv7M4 --code_state=16 --float_support=FPv4SPD16 -me -O2 --include_path="C:/Users/dimit/workspace_v12/uart_echo" --include_path="C:/ti/TivaWare_C_Series-2.2.0.295" --include_path="C:/ti/ccs1230/ccs/tools/compiler/ti-cgt-arm_20.2.7.LTS/include" --define=ccs="ccs" --define=PART_TM4C123GH6PM --define=TARGET_IS_TM4C123_RB1 -g --gcc --diag_warning=225 --diag_wrap=off --display_error_number --gen_func_subsections=on --abi=eabi --ual --preproc_with_compile --preproc_dependency="isqrt.d_raw"  "../isqrt.c"
Finished building: "../isqrt.c"
 
Building file: "../ptpdlib.c"
Invoking: ARM Compiler
"C:/ti/ccs1230/ccs/tools/compiler/ti-cgt-arm_20.2.7.LTS/bin/armcl" -mv7M4 --code_state=16 --float_support=FPv4SPD16 -me -O2 --include_path="C:/Users/dimit/workspace_v12/uart_echo" --include_path="C:/ti/TivaWare_C_Series-2.2.0.295" --include_path="C:/ti/ccs1230/ccs/tools/compiler/ti-cgt-arm_20.2.7.LTS/include" --define=ccs="ccs" --define=PART_TM4C123GH6PM --define=TARGET_IS_TM4C123_RB1 -g --gcc --diag_warning=225 --diag_wrap=off --display_error_number --gen_func_subsections=on --abi=eabi --ual --preproc_with_compile --preproc_dependency="ptpdlib.d_raw"  "../ptpdlib.c"
 
>> Compilation failure
subdir_rules.mk:9: recipe for target 'ptpdlib.obj' failed
"C:/ti/TivaWare_C_Series-2.2.0.295/utils/ptpdlib.h", line 44: fatal error #1965: cannot open source file "ptpd-1.1.0/src/ptpd.h"
1 catastrophic error detected in the compilation of "../ptpdlib.c".
Compilation terminated.
gmake: *** [ptpdlib.obj] Error 1
Building file: "../random.c"
Invoking: ARM Compiler
"C:/ti/ccs1230/ccs/tools/compiler/ti-cgt-arm_20.2.7.LTS/bin/armcl" -mv7M4 --code_state=16 --float_support=FPv4SPD16 -me -O2 --include_path="C:/Users/dimit/workspace_v12/uart_echo" --include_path="C:/ti/TivaWare_C_Series-2.2.0.295" --include_path="C:/ti/ccs1230/ccs/tools/compiler/ti-cgt-arm_20.2.7.LTS/include" --define=ccs="ccs" --define=PART_TM4C123GH6PM --define=TARGET_IS_TM4C123_RB1 -g --gcc --diag_warning=225 --diag_wrap=off --display_error_number --gen_func_subsections=on --abi=eabi --ual --preproc_with_compile --preproc_dependency="random.d_raw"  "../random.c"
Finished building: "../random.c"
 
Building file: "../ringbuf.c"
Invoking: ARM Compiler
"C:/ti/ccs1230/ccs/tools/compiler/ti-cgt-arm_20.2.7.LTS/bin/armcl" -mv7M4 --code_state=16 --float_support=FPv4SPD16 -me -O2 --include_path="C:/Users/dimit/workspace_v12/uart_echo" --include_path="C:/ti/TivaWare_C_Series-2.2.0.295" --include_path="C:/ti/ccs1230/ccs/tools/compiler/ti-cgt-arm_20.2.7.LTS/include" --define=ccs="ccs" --define=PART_TM4C123GH6PM --define=TARGET_IS_TM4C123_RB1 -g --gcc --diag_warning=225 --diag_wrap=off --display_error_number --gen_func_subsections=on --abi=eabi --ual --preproc_with_compile --preproc_dependency="ringbuf.d_raw"  "../ringbuf.c"
Finished building: "../ringbuf.c"
 
Building file: "../scheduler.c"
Invoking: ARM Compiler
"C:/ti/ccs1230/ccs/tools/compiler/ti-cgt-arm_20.2.7.LTS/bin/armcl" -mv7M4 --code_state=16 --float_support=FPv4SPD16 -me -O2 --include_path="C:/Users/dimit/workspace_v12/uart_echo" --include_path="C:/ti/TivaWare_C_Series-2.2.0.295" --include_path="C:/ti/ccs1230/ccs/tools/compiler/ti-cgt-arm_20.2.7.LTS/include" --define=ccs="ccs" --define=PART_TM4C123GH6PM --define=TARGET_IS_TM4C123_RB1 -g --gcc --diag_warning=225 --diag_wrap=off --display_error_number --gen_func_subsections=on --abi=eabi --ual --preproc_with_compile --preproc_dependency="scheduler.d_raw"  "../scheduler.c"
Finished building: "../scheduler.c"
 
Building file: "../sine.c"
Invoking: ARM Compiler
"C:/ti/ccs1230/ccs/tools/compiler/ti-cgt-arm_20.2.7.LTS/bin/armcl" -mv7M4 --code_state=16 --float_support=FPv4SPD16 -me -O2 --include_path="C:/Users/dimit/workspace_v12/uart_echo" --include_path="C:/ti/TivaWare_C_Series-2.2.0.295" --include_path="C:/ti/ccs1230/ccs/tools/compiler/ti-cgt-arm_20.2.7.LTS/include" --define=ccs="ccs" --define=PART_TM4C123GH6PM --define=TARGET_IS_TM4C123_RB1 -g --gcc --diag_warning=225 --diag_wrap=off --display_error_number --gen_func_subsections=on --abi=eabi --ual --preproc_with_compile --preproc_dependency="sine.d_raw"  "../sine.c"
Finished building: "../sine.c"
 
Building file: "../speexlib.c"
Invoking: ARM Compiler
"C:/ti/ccs1230/ccs/tools/compiler/ti-cgt-arm_20.2.7.LTS/bin/armcl" -mv7M4 --code_state=16 --float_support=FPv4SPD16 -me -O2 --include_path="C:/Users/dimit/workspace_v12/uart_echo" --include_path="C:/ti/TivaWare_C_Series-2.2.0.295" --include_path="C:/ti/ccs1230/ccs/tools/compiler/ti-cgt-arm_20.2.7.LTS/include" --define=ccs="ccs" --define=PART_TM4C123GH6PM --define=TARGET_IS_TM4C123_RB1 -g --gcc --diag_warning=225 --diag_wrap=off --display_error_number --gen_func_subsections=on --abi=eabi --ual --preproc_with_compile --preproc_dependency="speexlib.d_raw"  "../speexlib.c"
 
>> Compilation failure
subdir_rules.mk:9: recipe for target 'speexlib.obj' failed
"../speexlib.c", line 29: fatal error #1965: cannot open source file "third_party/speex-1.2rc1/include/speex/speex.h"
1 catastrophic error detected in the compilation of "../speexlib.c".
Compilation terminated.
gmake: *** [speexlib.obj] Error 1
Building file: "../swupdate.c"
Invoking: ARM Compiler
"C:/ti/ccs1230/ccs/tools/compiler/ti-cgt-arm_20.2.7.LTS/bin/armcl" -mv7M4 --code_state=16 --float_support=FPv4SPD16 -me -O2 --include_path="C:/Users/dimit/workspace_v12/uart_echo" --include_path="C:/ti/TivaWare_C_Series-2.2.0.295" --include_path="C:/ti/ccs1230/ccs/tools/compiler/ti-cgt-arm_20.2.7.LTS/include" --define=ccs="ccs" --define=PART_TM4C123GH6PM --define=TARGET_IS_TM4C123_RB1 -g --gcc --diag_warning=225 --diag_wrap=off --display_error_number --gen_func_subsections=on --abi=eabi --ual --preproc_with_compile --preproc_dependency="swupdate.d_raw"  "../swupdate.c"
 
>> Compilation failure
subdir_rules.mk:9: recipe for target 'swupdate.obj' failed
"C:/ti/TivaWare_C_Series-2.2.0.295/utils/lwiplib.h", line 44: fatal error #1965: cannot open source file "lwip/opt.h"
1 catastrophic error detected in the compilation of "../swupdate.c".
Compilation terminated.
gmake: *** [swupdate.obj] Error 1
Building file: "../tftp.c"
Invoking: ARM Compiler
"C:/ti/ccs1230/ccs/tools/compiler/ti-cgt-arm_20.2.7.LTS/bin/armcl" -mv7M4 --code_state=16 --float_support=FPv4SPD16 -me -O2 --include_path="C:/Users/dimit/workspace_v12/uart_echo" --include_path="C:/ti/TivaWare_C_Series-2.2.0.295" --include_path="C:/ti/ccs1230/ccs/tools/compiler/ti-cgt-arm_20.2.7.LTS/include" --define=ccs="ccs" --define=PART_TM4C123GH6PM --define=TARGET_IS_TM4C123_RB1 -g --gcc --diag_warning=225 --diag_wrap=off --display_error_number --gen_func_subsections=on --abi=eabi --ual --preproc_with_compile --preproc_dependency="tftp.d_raw"  "../tftp.c"
 
>> Compilation failure
subdir_rules.mk:9: recipe for target 'tftp.obj' failed
"C:/ti/TivaWare_C_Series-2.2.0.295/utils/lwiplib.h", line 44: fatal error #1965: cannot open source file "lwip/opt.h"
1 catastrophic error detected in the compilation of "../tftp.c".
Compilation terminated.
gmake: *** [tftp.obj] Error 1
Building file: "../softssi.c"
Invoking: ARM Compiler
"C:/ti/ccs1230/ccs/tools/compiler/ti-cgt-arm_20.2.7.LTS/bin/armcl" -mv7M4 --code_state=16 --float_support=FPv4SPD16 -me -O2 --include_path="C:/Users/dimit/workspace_v12/uart_echo" --include_path="C:/ti/TivaWare_C_Series-2.2.0.295" --include_path="C:/ti/ccs1230/ccs/tools/compiler/ti-cgt-arm_20.2.7.LTS/include" --define=ccs="ccs" --define=PART_TM4C123GH6PM --define=TARGET_IS_TM4C123_RB1 -g --gcc --diag_warning=225 --diag_wrap=off --display_error_number --gen_func_subsections=on --abi=eabi --ual --preproc_with_compile --preproc_dependency="softssi.d_raw"  "../softssi.c"
Finished building: "../softssi.c"
 
Building file: "../softi2c.c"
Invoking: ARM Compiler
"C:/ti/ccs1230/ccs/tools/compiler/ti-cgt-arm_20.2.7.LTS/bin/armcl" -mv7M4 --code_state=16 --float_support=FPv4SPD16 -me -O2 --include_path="C:/Users/dimit/workspace_v12/uart_echo" --include_path="C:/ti/TivaWare_C_Series-2.2.0.295" --include_path="C:/ti/ccs1230/ccs/tools/compiler/ti-cgt-arm_20.2.7.LTS/include" --define=ccs="ccs" --define=PART_TM4C123GH6PM --define=TARGET_IS_TM4C123_RB1 -g --gcc --diag_warning=225 --diag_wrap=off --display_error_number --gen_func_subsections=on --abi=eabi --ual --preproc_with_compile --preproc_dependency="softi2c.d_raw"  "../softi2c.c"
Finished building: "../softi2c.c"
 
Building file: "../softuart.c"
Invoking: ARM Compiler
"C:/ti/ccs1230/ccs/tools/compiler/ti-cgt-arm_20.2.7.LTS/bin/armcl" -mv7M4 --code_state=16 --float_support=FPv4SPD16 -me -O2 --include_path="C:/Users/dimit/workspace_v12/uart_echo" --include_path="C:/ti/TivaWare_C_Series-2.2.0.295" --include_path="C:/ti/ccs1230/ccs/tools/compiler/ti-cgt-arm_20.2.7.LTS/include" --define=ccs="ccs" --define=PART_TM4C123GH6PM --define=TARGET_IS_TM4C123_RB1 -g --gcc --diag_warning=225 --diag_wrap=off --display_error_number --gen_func_subsections=on --abi=eabi --ual --preproc_with_compile --preproc_dependency="softuart.d_raw"  "../softuart.c"
Finished building: "../softuart.c"
 
Building file: "../uartstdio.c"
Invoking: ARM Compiler
"C:/ti/ccs1230/ccs/tools/compiler/ti-cgt-arm_20.2.7.LTS/bin/armcl" -mv7M4 --code_state=16 --float_support=FPv4SPD16 -me -O2 --include_path="C:/Users/dimit/workspace_v12/uart_echo" --include_path="C:/ti/TivaWare_C_Series-2.2.0.295" --include_path="C:/ti/ccs1230/ccs/tools/compiler/ti-cgt-arm_20.2.7.LTS/include" --define=ccs="ccs" --define=PART_TM4C123GH6PM --define=TARGET_IS_TM4C123_RB1 -g --gcc --diag_warning=225 --diag_wrap=off --display_error_number --gen_func_subsections=on --abi=eabi --ual --preproc_with_compile --preproc_dependency="uartstdio.d_raw"  "../uartstdio.c"
Finished building: "../uartstdio.c"
 
Building file: "../wavfile.c"
Invoking: ARM Compiler
"C:/ti/ccs1230/ccs/tools/compiler/ti-cgt-arm_20.2.7.LTS/bin/armcl" -mv7M4 --code_state=16 --float_support=FPv4SPD16 -me -O2 --include_path="C:/Users/dimit/workspace_v12/uart_echo" --include_path="C:/ti/TivaWare_C_Series-2.2.0.295" --include_path="C:/ti/ccs1230/ccs/tools/compiler/ti-cgt-arm_20.2.7.LTS/include" --define=ccs="ccs" --define=PART_TM4C123GH6PM --define=TARGET_IS_TM4C123_RB1 -g --gcc --diag_warning=225 --diag_wrap=off --display_error_number --gen_func_subsections=on --abi=eabi --ual --preproc_with_compile --preproc_dependency="wavfile.d_raw"  "../wavfile.c"
Finished building: "../wavfile.c"
 
Building file: "../ustdlib.c"
Invoking: ARM Compiler
"C:/ti/ccs1230/ccs/tools/compiler/ti-cgt-arm_20.2.7.LTS/bin/armcl" -mv7M4 --code_state=16 --float_support=FPv4SPD16 -me -O2 --include_path="C:/Users/dimit/workspace_v12/uart_echo" --include_path="C:/ti/TivaWare_C_Series-2.2.0.295" --include_path="C:/ti/ccs1230/ccs/tools/compiler/ti-cgt-arm_20.2.7.LTS/include" --define=ccs="ccs" --define=PART_TM4C123GH6PM --define=TARGET_IS_TM4C123_RB1 -g --gcc --diag_warning=225 --diag_wrap=off --display_error_number --gen_func_subsections=on --abi=eabi --ual --preproc_with_compile --preproc_dependency="ustdlib.d_raw"  "../ustdlib.c"
Finished building: "../ustdlib.c"
 
Building file: "../spi_flash.c"
Invoking: ARM Compiler
"C:/ti/ccs1230/ccs/tools/compiler/ti-cgt-arm_20.2.7.LTS/bin/armcl" -mv7M4 --code_state=16 --float_support=FPv4SPD16 -me -O2 --include_path="C:/Users/dimit/workspace_v12/uart_echo" --include_path="C:/ti/TivaWare_C_Series-2.2.0.295" --include_path="C:/ti/ccs1230/ccs/tools/compiler/ti-cgt-arm_20.2.7.LTS/include" --define=ccs="ccs" --define=PART_TM4C123GH6PM --define=TARGET_IS_TM4C123_RB1 -g --gcc --diag_warning=225 --diag_wrap=off --display_error_number --gen_func_subsections=on --abi=eabi --ual --preproc_with_compile --preproc_dependency="spi_flash.d_raw"  "../spi_flash.c"
Finished building: "../spi_flash.c"
 
Building file: "../smbus.c"
Invoking: ARM Compiler
"C:/ti/ccs1230/ccs/tools/compiler/ti-cgt-arm_20.2.7.LTS/bin/armcl" -mv7M4 --code_state=16 --float_support=FPv4SPD16 -me -O2 --include_path="C:/Users/dimit/workspace_v12/uart_echo" --include_path="C:/ti/TivaWare_C_Series-2.2.0.295" --include_path="C:/ti/ccs1230/ccs/tools/compiler/ti-cgt-arm_20.2.7.LTS/include" --define=ccs="ccs" --define=PART_TM4C123GH6PM --define=TARGET_IS_TM4C123_RB1 -g --gcc --diag_warning=225 --diag_wrap=off --display_error_number --gen_func_subsections=on --abi=eabi --ual --preproc_with_compile --preproc_dependency="smbus.d_raw"  "../smbus.c"
Finished building: "../smbus.c"
 
gmake: Target 'all' not remade because of errors.

**** Build Finished ****
